<?xml version="1.0" encoding="UTF-8"?>
<testsuite xmlns:xsi="http://www.w3.org/2001/XMLSchema-instance" xsi:noNamespaceSchemaLocation="https://maven.apache.org/surefire/maven-surefire-plugin/xsd/surefire-test-report.xsd" name="com.demo.spring.ApiGatewayApplicationTest" time="37.342" tests="3" errors="0" skipped="0" failures="0">
  <properties>
[...]
</properties>
  <testcase name="testListDoctor" classname="com.demo.spring.ApiGatewayApplicationTest" time="1.742"/>
  <testcase name="testFindPatient" classname="com.demo.spring.ApiGatewayApplicationTest" time="0.599"/>
  <testcase name="testListAppointment" classname="com.demo.spring.ApiGatewayApplicationTest" time="0.5"/>
</testsuite>