<?xml version="1.0" encoding="UTF-8"?>
<testsuite xmlns:xsi="http://www.w3.org/2001/XMLSchema-instance" xsi:noNamespaceSchemaLocation="https://maven.apache.org/surefire/maven-surefire-plugin/xsd/surefire-test-report.xsd" name="com.demo.spring.controller.PatientRestControllerTest" time="15.184" tests="8" errors="0" skipped="0" failures="0">
  <properties>
[...]
</properties>
  <testcase name="testUpdatePatienRecordFailure" classname="com.demo.spring.controller.PatientRestControllerTest" time="0.412"/>
  <testcase name="testRegisterFailure" classname="com.demo.spring.controller.PatientRestControllerTest" time="0.014"/>
  <testcase name="testFindPatientFailure" classname="com.demo.spring.controller.PatientRestControllerTest" time="0.019"/>
  <testcase name="testFindPatient" classname="com.demo.spring.controller.PatientRestControllerTest" time="0.018"/>
  <testcase name="testUpdatePatienRecord" classname="com.demo.spring.controller.PatientRestControllerTest" time="0.022"/>
  <testcase name="testRegister" classname="com.demo.spring.controller.PatientRestControllerTest" time="0.018"/>
  <testcase name="testListByPatientNameFailure" classname="com.demo.spring.controller.PatientRestControllerTest" time="0.024"/>
  <testcase name="testListByPatientName" classname="com.demo.spring.controller.PatientRestControllerTest" time="0.033"/>
</testsuite>