<?xml version="1.0" encoding="UTF-8"?>
<testsuite xmlns:xsi="http://www.w3.org/2001/XMLSchema-instance" xsi:noNamespaceSchemaLocation="https://maven.apache.org/surefire/maven-surefire-plugin/xsd/surefire-test-report.xsd" name="com.demo.spring.controller.AppointmentRestControllerTest" time="17.046" tests="6" errors="0" skipped="0" failures="0">
  <properties>
[...]
</properties>
  <testcase name="testFindAllforPatient" classname="com.demo.spring.controller.AppointmentRestControllerTest" time="0.493"/>
  <testcase name="testFindAllforPatientFailure" classname="com.demo.spring.controller.AppointmentRestControllerTest" time="0.116"/>
  <testcase name="testaddvisit" classname="com.demo.spring.controller.AppointmentRestControllerTest" time="0.871"/>
  <testcase name="testFindAllforDoctoreFailure" classname="com.demo.spring.controller.AppointmentRestControllerTest" time="0.042"/>
  <testcase name="testaddvisitFailure" classname="com.demo.spring.controller.AppointmentRestControllerTest" time="0.046"/>
  <testcase name="testFindAllforDoctore" classname="com.demo.spring.controller.AppointmentRestControllerTest" time="0.022"/>
</testsuite>